2020-06-03 21:46:00.131 [main] INFO  o.s.b.t.context.SpringBootTestContextBootstrapper - Neither @ContextConfiguration nor @ContextHierarchy found for test class [com.tuoke.business.SampleTest], using SpringBootContextLoader 
2020-06-03 21:46:00.136 [main] INFO  o.s.test.context.support.AbstractContextLoader - Could not detect default resource locations for test class [com.tuoke.business.SampleTest]: no resource found for suffixes {-context.xml, Context.groovy}. 
2020-06-03 21:46:00.137 [main] INFO  o.s.t.c.support.AnnotationConfigContextLoaderUtils - Could not detect default configuration classes for test class [com.tuoke.business.SampleTest]: SampleTest does not declare any static, non-private, non-final, nested classes annotated with @Configuration. 
2020-06-03 21:46:00.259 [main] INFO  o.s.b.t.context.SpringBootTestContextBootstrapper - Found @SpringBootConfiguration com.tuoke.business.BusinessApplication for test class com.tuoke.business.SampleTest 
2020-06-03 21:46:00.352 [main] INFO  o.s.b.t.context.SpringBootTestContextBootstrapper - Loaded default TestExecutionListener class names from location [META-INF/spring.factories]: [org.springframework.boot.test.mock.mockito.MockitoTestExecutionListener, org.springframework.boot.test.mock.mockito.ResetMocksTestExecutionListener, org.springframework.boot.test.autoconfigure.restdocs.RestDocsTestExecutionListener, org.springframework.boot.test.autoconfigure.web.client.MockRestServiceServerResetTestExecutionListener, org.springframework.boot.test.autoconfigure.web.servlet.MockMvcPrintOnlyOnFailureTestExecutionListener, org.springframework.boot.test.autoconfigure.web.servlet.WebDriverTestExecutionListener, org.springframework.boot.test.autoconfigure.webservices.client.MockWebServiceServerTestExecutionListener, org.springframework.test.context.web.ServletTestExecutionListener, org.springframework.test.context.support.DirtiesContextBeforeModesTestExecutionListener, org.springframework.test.context.support.DependencyInjectionTestExecutionListener, org.springframework.test.context.support.DirtiesContextTestExecutionListener, org.springframework.test.context.transaction.TransactionalTestExecutionListener, org.springframework.test.context.jdbc.SqlScriptsTestExecutionListener, org.springframework.test.context.event.EventPublishingTestExecutionListener] 
2020-06-03 21:46:00.370 [main] INFO  o.s.b.t.context.SpringBootTestContextBootstrapper - Using TestExecutionListeners: [org.springframework.test.context.web.ServletTestExecutionListener@78123e82, org.springframework.test.context.support.DirtiesContextBeforeModesTestExecutionListener@67c33749, org.springframework.boot.test.mock.mockito.MockitoTestExecutionListener@fba92d3, org.springframework.boot.test.autoconfigure.SpringBootDependencyInjectionTestExecutionListener@662b4c69, org.springframework.test.context.support.DirtiesContextTestExecutionListener@fa49800, org.springframework.test.context.transaction.TransactionalTestExecutionListener@71238fc2, org.springframework.test.context.jdbc.SqlScriptsTestExecutionListener@2a54a73f, org.springframework.test.context.event.EventPublishingTestExecutionListener@16a0ee18, org.springframework.boot.test.mock.mockito.ResetMocksTestExecutionListener@3d6f0054, org.springframework.boot.test.autoconfigure.restdocs.RestDocsTestExecutionListener@505fc5a4, org.springframework.boot.test.autoconfigure.web.client.MockRestServiceServerResetTestExecutionListener@5fbdfdcf, org.springframework.boot.test.autoconfigure.web.servlet.MockMvcPrintOnlyOnFailureTestExecutionListener@4efc180e, org.springframework.boot.test.autoconfigure.web.servlet.WebDriverTestExecutionListener@bd4dc25, org.springframework.boot.test.autoconfigure.webservices.client.MockWebServiceServerTestExecutionListener@25084a1e] 
2020-06-03 21:46:15.681 [main] WARN  org.springframework.boot.StartupInfoLogger - InetAddress.getLocalHost().getHostName() took 5005 milliseconds to respond. Please verify your network configuration (macOS machines may need to add entries to /etc/hosts). 
2020-06-03 21:46:20.686 [main] INFO  com.tuoke.business.SampleTest - Starting SampleTest on MBP.local with PID 44173 (started by ng in /Users/ng/soft/idea_work/business) 
2020-06-03 21:46:20.687 [main] INFO  com.tuoke.business.SampleTest - No active profile set, falling back to default profiles: default 
2020-06-03 21:46:21.523 [main] INFO  com.zaxxer.hikari.HikariDataSource - HikariPool-1 - Starting... 
2020-06-03 21:46:21.789 [main] INFO  com.zaxxer.hikari.HikariDataSource - HikariPool-1 - Start completed. 
2020-06-03 21:46:42.414 [main] INFO  o.s.scheduling.concurrent.ThreadPoolTaskExecutor - Initializing ExecutorService 'applicationTaskExecutor' 
2020-06-03 21:46:42.753 [main] INFO  o.s.b.test.mock.web.SpringBootMockServletContext - Initializing Spring TestDispatcherServlet '' 
2020-06-03 21:46:42.753 [main] INFO  o.s.test.web.servlet.TestDispatcherServlet - Initializing Servlet '' 
2020-06-03 21:46:42.765 [main] INFO  o.s.test.web.servlet.TestDispatcherServlet - Completed initialization in 11 ms 
2020-06-03 21:46:42.785 [main] INFO  com.tuoke.business.SampleTest - Started SampleTest in 42.373 seconds (JVM running for 43.244) 
2020-06-03 21:46:43.177 [SpringContextShutdownHook] INFO  o.s.scheduling.concurrent.ThreadPoolTaskExecutor - Shutting down ExecutorService 'applicationTaskExecutor' 
2020-06-03 21:46:43.178 [SpringContextShutdownHook] INFO  com.zaxxer.hikari.HikariDataSource - HikariPool-1 - Shutdown initiated... 
2020-06-03 21:46:43.180 [SpringContextShutdownHook] INFO  com.zaxxer.hikari.HikariDataSource - HikariPool-1 - Shutdown completed. 
2020-06-03 21:49:38.292 [main] INFO  o.s.b.t.context.SpringBootTestContextBootstrapper - Neither @ContextConfiguration nor @ContextHierarchy found for test class [com.tuoke.business.SampleTest], using SpringBootContextLoader 
2020-06-03 21:49:38.298 [main] INFO  o.s.test.context.support.AbstractContextLoader - Could not detect default resource locations for test class [com.tuoke.business.SampleTest]: no resource found for suffixes {-context.xml, Context.groovy}. 
2020-06-03 21:49:38.298 [main] INFO  o.s.t.c.support.AnnotationConfigContextLoaderUtils - Could not detect default configuration classes for test class [com.tuoke.business.SampleTest]: SampleTest does not declare any static, non-private, non-final, nested classes annotated with @Configuration. 
2020-06-03 21:49:38.428 [main] INFO  o.s.b.t.context.SpringBootTestContextBootstrapper - Found @SpringBootConfiguration com.tuoke.business.BusinessApplication for test class com.tuoke.business.SampleTest 
2020-06-03 21:49:38.534 [main] INFO  o.s.b.t.context.SpringBootTestContextBootstrapper - Loaded default TestExecutionListener class names from location [META-INF/spring.factories]: [org.springframework.boot.test.mock.mockito.MockitoTestExecutionListener, org.springframework.boot.test.mock.mockito.ResetMocksTestExecutionListener, org.springframework.boot.test.autoconfigure.restdocs.RestDocsTestExecutionListener, org.springframework.boot.test.autoconfigure.web.client.MockRestServiceServerResetTestExecutionListener, org.springframework.boot.test.autoconfigure.web.servlet.MockMvcPrintOnlyOnFailureTestExecutionListener, org.springframework.boot.test.autoconfigure.web.servlet.WebDriverTestExecutionListener, org.springframework.boot.test.autoconfigure.webservices.client.MockWebServiceServerTestExecutionListener, org.springframework.test.context.web.ServletTestExecutionListener, org.springframework.test.context.support.DirtiesContextBeforeModesTestExecutionListener, org.springframework.test.context.support.DependencyInjectionTestExecutionListener, org.springframework.test.context.support.DirtiesContextTestExecutionListener, org.springframework.test.context.transaction.TransactionalTestExecutionListener, org.springframework.test.context.jdbc.SqlScriptsTestExecutionListener, org.springframework.test.context.event.EventPublishingTestExecutionListener] 
2020-06-03 21:49:38.549 [main] INFO  o.s.b.t.context.SpringBootTestContextBootstrapper - Using TestExecutionListeners: [org.springframework.test.context.web.ServletTestExecutionListener@fba92d3, org.springframework.test.context.support.DirtiesContextBeforeModesTestExecutionListener@662b4c69, org.springframework.boot.test.mock.mockito.MockitoTestExecutionListener@fa49800, org.springframework.boot.test.autoconfigure.SpringBootDependencyInjectionTestExecutionListener@71238fc2, org.springframework.test.context.support.DirtiesContextTestExecutionListener@2a54a73f, org.springframework.test.context.transaction.TransactionalTestExecutionListener@16a0ee18, org.springframework.test.context.jdbc.SqlScriptsTestExecutionListener@3d6f0054, org.springframework.test.context.event.EventPublishingTestExecutionListener@505fc5a4, org.springframework.boot.test.mock.mockito.ResetMocksTestExecutionListener@5fbdfdcf, org.springframework.boot.test.autoconfigure.restdocs.RestDocsTestExecutionListener@4efc180e, org.springframework.boot.test.autoconfigure.web.client.MockRestServiceServerResetTestExecutionListener@bd4dc25, org.springframework.boot.test.autoconfigure.web.servlet.MockMvcPrintOnlyOnFailureTestExecutionListener@25084a1e, org.springframework.boot.test.autoconfigure.web.servlet.WebDriverTestExecutionListener@156b88f5, org.springframework.boot.test.autoconfigure.webservices.client.MockWebServiceServerTestExecutionListener@3bf9ce3e] 
2020-06-03 21:49:53.841 [main] WARN  org.springframework.boot.StartupInfoLogger - InetAddress.getLocalHost().getHostName() took 5004 milliseconds to respond. Please verify your network configuration (macOS machines may need to add entries to /etc/hosts). 
2020-06-03 21:49:58.846 [main] INFO  com.tuoke.business.SampleTest - Starting SampleTest on MBP.local with PID 44178 (started by ng in /Users/ng/soft/idea_work/business) 
2020-06-03 21:49:58.847 [main] INFO  com.tuoke.business.SampleTest - No active profile set, falling back to default profiles: default 
2020-06-03 21:49:59.613 [main] INFO  com.zaxxer.hikari.HikariDataSource - HikariPool-1 - Starting... 
2020-06-03 21:49:59.838 [main] INFO  com.zaxxer.hikari.HikariDataSource - HikariPool-1 - Start completed. 
2020-06-03 21:50:20.428 [main] INFO  o.s.scheduling.concurrent.ThreadPoolTaskExecutor - Initializing ExecutorService 'applicationTaskExecutor' 
2020-06-03 21:50:20.754 [main] INFO  o.s.b.test.mock.web.SpringBootMockServletContext - Initializing Spring TestDispatcherServlet '' 
2020-06-03 21:50:20.754 [main] INFO  o.s.test.web.servlet.TestDispatcherServlet - Initializing Servlet '' 
2020-06-03 21:50:20.769 [main] INFO  o.s.test.web.servlet.TestDispatcherServlet - Completed initialization in 14 ms 
2020-06-03 21:50:20.790 [main] INFO  com.tuoke.business.SampleTest - Started SampleTest in 42.196 seconds (JVM running for 43.024) 
2020-06-03 21:50:21.127 [SpringContextShutdownHook] INFO  o.s.scheduling.concurrent.ThreadPoolTaskExecutor - Shutting down ExecutorService 'applicationTaskExecutor' 
2020-06-03 21:50:21.129 [SpringContextShutdownHook] INFO  com.zaxxer.hikari.HikariDataSource - HikariPool-1 - Shutdown initiated... 
2020-06-03 21:50:21.131 [SpringContextShutdownHook] INFO  com.zaxxer.hikari.HikariDataSource - HikariPool-1 - Shutdown completed. 
